 Processing command: b main
 HandleCommand, cmd_obj : '_regexp-break'
 HandleCommand, (revised) command_string: '_regexp-break main'
 HandleCommand, wants_raw_input:'True'
 HandleCommand, command line after removing command name(s): 'main'
 Processing command: breakpoint set --name 'main'
 HandleCommand, cmd_obj : 'breakpoint set'
 HandleCommand, (revised) command_string: 'breakpoint set --name 'main''
 HandleCommand, wants_raw_input:'False'
 HandleCommand, command line after removing command name(s): '--name 'main''
 0x12d62c238 Broadcaster("lldb.target")::BroadcastEvent (event_sp = {0x12f007108 Event: broadcaster = 0x12e9cf400 (lldb.target), type = 0x00000001 (breakpoint-changed), data = {bkpt: 1 type: breakpoint added}}, unique =0) hijack = 0x0
 Target::AddBreakpoint (internal = no) => break_id = 1: name = 'main'


 Added location: 1.1: 
  module = /Users/logesh/github-classroom/FPC-advanced/fpc-advanced-classroom-1st-year-assignment-l0g3sh-s/set03/problem04
  symbol = main
  address = problem04[0x0000000100003ef4]
  resolved = false
  hardware = false
  hit count = 0   


 HandleCommand, command succeeded
 HandleCommand, command succeeded
 Processing command: r
 HandleCommand, cmd_obj : 'process launch'
 HandleCommand, (revised) command_string: 'process launch -X true --'
 HandleCommand, wants_raw_input:'False'
 Repeat command: 
 HandleCommand, command line after removing command name(s): '-X true --'
 Target::Launch() called for /Users/logesh/github-classroom/FPC-advanced/fpc-advanced-classroom-1st-year-assignment-l0g3sh-s/set03/problem04
 Target::Launch the process instance doesn't currently exist.
 have platform=true, platform_sp->IsHost()=true, default_to_use_pty=true
 at least one of stdin/stdout/stderr was not set, evaluating default handling
 target stdin='(empty)', target stdout='(empty)', stderr='(empty)'
 Generating a pty to use for stdin/out/err
 Target::Launch asking the platform to debug the process
 Host::StartMonitoringChildProcess(callback, pid=22849) source = 0x13d633f30

 ::waitpid (pid = 22849, &status, 0) => pid = 22849, status = 0x00000000 (EXITED), signal = 0, exit_status = 0
 Host::StartMonitoringChildProcess(callback, pid=22850) source = 0x12d6d1150

 (plugin = gdb-remote, state = attaching, restarted = 0)
 Host::StartMonitoringChildProcess(callback, pid=22851) source = 0x13e057810

 thread created
 Process::AttachCompletionHandler::AttachCompletionHandler process=0x12e9f0c00, exec_count=0
 Process::ControlPrivateStateThread (signal = 4)
 Sending control event of type: 4.
 thread created
 Process::RunPrivateStateThread (arg = 0x12e9f0c00, pid = 22850) thread starting...
 timeout = <infinite>, event_sp)...
 Process::RunPrivateStateThread (arg = 0x12e9f0c00, pid = 22850) got a control event: 4
 timeout = <infinite>, event_sp)...
 thread created
 timeout = <infinite>
 timeout = <infinite>, event_sp)...
 (plugin = gdb-remote, state = stopped)
 (plugin = gdb-remote, state = stopped, stop_id = 1
 Process::AttachCompletionHandler::PerformAction called with state stopped (5)
 Discarding thread plans for thread (tid = 0xe3ba6, force 1)
 Thread::PushPlan(0x0x13e05d8b8): "Base thread plan.", tid = 0xe3ba6.
 Process::AttachCompletionHandler::PerformAction state stopped: no more execs expected to start, continuing with attach
 Process::CompleteAttach()
 Setting Process code address mask to 0xffff800000000000
 Setting Process data address mask to 0xffff800000000000
 Target::SetArchitecture merging compatible arch; arch is now arm64 (arm64-apple-macosx14.0.0)
 Process::CompleteAttach replacing process architecture with DidAttach() architecture: arm64e-apple-macosx-
 DynamicLoaderDarwin::UseDYLDSPI: Use new DynamicLoader plugin
 DynamicLoaderDarwin::UseDYLDSPI: Use new DynamicLoader plugin
 Unloaded:
 DynamicLoaderDarwin::UnloadAllImages[0] 6814685A-6650-3F6C-9346-9FCC53A388BC (arm64) "/Users/logesh/github-classroom/FPC-advanced/fpc-advanced-classroom-1st-year-assignment-l0g3sh-s/set03/problem04"
 DynamicLoaderDarwin::UnloadAllImages[1] EC7A3BA0-F9BF-3AB8-A0F4-8622E5606B20 (arm64e) "/usr/lib/dyld"
 DynamicLoaderDarwin::UnloadAllImages[2] 1E176743-EDDD-309B-AE12-6369F1A2029B (arm64e) "/usr/lib/libSystem.B.dylib"
 DynamicLoaderDarwin::UnloadAllImages[3] 47B56AFF-F15C-3550-B9B6-560806BC20C5 (arm64e) "/usr/lib/system/libcache.dylib"
 DynamicLoaderDarwin::UnloadAllImages[4] 4CF0B406-031F-3BC7-8A97-61DFA262C179 (arm64e) "/usr/lib/system/libcommonCrypto.dylib"
 DynamicLoaderDarwin::UnloadAllImages[5] A7A07A05-6551-3867-A8AE-2935D8FA1B4E (arm64e) "/usr/lib/system/libcompiler_rt.dylib"
 DynamicLoaderDarwin::UnloadAllImages[6] CE4F0BED-9109-3557-8B48-45E051D43210 (arm64e) "/usr/lib/system/libcopyfile.dylib"
 DynamicLoaderDarwin::UnloadAllImages[7] 5258A992-DC2A-3A90-90F1-A64863C450A7 (arm64e) "/usr/lib/system/libcorecrypto.dylib"
 DynamicLoaderDarwin::UnloadAllImages[8] DC1D0187-7149-3100-BC63-F633AFEBEE6C (arm64e) "/usr/lib/system/libdispatch.dylib"
 DynamicLoaderDarwin::UnloadAllImages[9] D9526862-A8B2-3424-98E7-74D5A18F9250 (arm64e) "/usr/lib/system/libdyld.dylib"
 DynamicLoaderDarwin::UnloadAllImages[10] B6E3DE59-7C3B-3403-89FE-38BBFE86BA90 (arm64e) "/usr/lib/system/libkeymgr.dylib"
 DynamicLoaderDarwin::UnloadAllImages[11] 29C5FB27-B26B-3927-89C1-917051E5D353 (arm64e) "/usr/lib/system/libmacho.dylib"
 DynamicLoaderDarwin::UnloadAllImages[12] FA2FCD51-D2EB-37A7-AE47-66547DBCAB87 (arm64e) "/usr/lib/system/libquarantine.dylib"
 DynamicLoaderDarwin::UnloadAllImages[13] F4566B6C-20B5-334F-86E6-50E4085DADED (arm64e) "/usr/lib/system/libremovefile.dylib"
 DynamicLoaderDarwin::UnloadAllImages[14] 9833954F-A010-3492-810A-70F96E17266E (arm64e) "/usr/lib/system/libsystem_asl.dylib"
 DynamicLoaderDarwin::UnloadAllImages[15] A2904D7C-66C8-36E7-BC4B-D30025BA0351 (arm64e) "/usr/lib/system/libsystem_blocks.dylib"
 DynamicLoaderDarwin::UnloadAllImages[16] DECB8685-F34A-3979-AFCB-71FB55747E41 (arm64e) "/usr/lib/system/libsystem_c.dylib"
 DynamicLoaderDarwin::UnloadAllImages[17] 985E00EB-F590-3B07-876A-EFE015DB79EF (arm64e) "/usr/lib/system/libsystem_collections.dylib"
 DynamicLoaderDarwin::UnloadAllImages[18] 389249EB-5A9C-362C-985F-6F470280D6F3 (arm64e) "/usr/lib/system/libsystem_configuration.dylib"
 DynamicLoaderDarwin::UnloadAllImages[19] 444831B7-DB95-3E3A-8C1C-97E49676B185 (arm64e) "/usr/lib/system/libsystem_containermanager.dylib"
 DynamicLoaderDarwin::UnloadAllImages[20] 26F9E755-26EC-3974-BEC8-3B706D0254BA (arm64e) "/usr/lib/system/libsystem_coreservices.dylib"
 DynamicLoaderDarwin::UnloadAllImages[21] EF617F40-254D-325F-BA6B-382CB7D8BC89 (arm64e) "/usr/lib/system/libsystem_darwin.dylib"
 DynamicLoaderDarwin::UnloadAllImages[22] 8C2C7C2A-F18E-3196-BB40-B4BB95C5BFF9 (arm64e) "/usr/lib/system/libsystem_darwindirectory.dylib"
 DynamicLoaderDarwin::UnloadAllImages[23] D922E985-BD3A-3618-9189-5B931F3CD90C (arm64e) "/usr/lib/system/libsystem_dnssd.dylib"
 DynamicLoaderDarwin::UnloadAllImages[24] 3282C86B-3BD7-353A-AC3E-09BCC631BB1F (arm64e) "/usr/lib/system/libsystem_featureflags.dylib"
 DynamicLoaderDarwin::UnloadAllImages[25] D4F1ECDB-5AA0-3733-81D9-C9529001A13C (arm64e) "/usr/lib/system/libsystem_info.dylib"
 DynamicLoaderDarwin::UnloadAllImages[26] 072B3C9C-C54E-3F27-B231-88482F485502 (arm64e) "/usr/lib/system/libsystem_m.dylib"
 DynamicLoaderDarwin::UnloadAllImages[27] 901200AA-1016-3DAA-8816-5032588ED460 (arm64e) "/usr/lib/system/libsystem_malloc.dylib"
 DynamicLoaderDarwin::UnloadAllImages[28] 11D8A745-1F2F-3493-872E-C58F13BBD4D2 (arm64e) "/usr/lib/system/libsystem_networkextension.dylib"
 DynamicLoaderDarwin::UnloadAllImages[29] D86A0878-9C5C-367C-8A6D-941C5E4C11C2 (arm64e) "/usr/lib/system/libsystem_notify.dylib"
 DynamicLoaderDarwin::UnloadAllImages[30] 893061BE-F3BD-3696-AC8D-4DA5E7477A20 (arm64e) "/usr/lib/system/libsystem_sandbox.dylib"
 DynamicLoaderDarwin::UnloadAllImages[31] A0DAA91D-049F-334F-917F-92DF752CD8F4 (arm64e) "/usr/lib/system/libsystem_secinit.dylib"
 DynamicLoaderDarwin::UnloadAllImages[32] B7751381-1442-30B5-91B9-AD7BE461BEBE (arm64e) "/usr/lib/system/libsystem_kernel.dylib"
 DynamicLoaderDarwin::UnloadAllImages[33] FC8CD17B-8769-348C-8DCD-1BFED022F9E4 (arm64e) "/usr/lib/system/libsystem_platform.dylib"
 DynamicLoaderDarwin::UnloadAllImages[34] DAF95373-5DE6-39A1-A6CE-D87F3F0629CC (arm64e) "/usr/lib/system/libsystem_pthread.dylib"
 DynamicLoaderDarwin::UnloadAllImages[35] B9688985-C611-3987-9BD1-23ABCFA25045 (arm64e) "/usr/lib/system/libsystem_symptoms.dylib"
 DynamicLoaderDarwin::UnloadAllImages[36] 91ECA044-8462-3293-AEEA-183BF841CBA2 (arm64e) "/usr/lib/system/libsystem_trace.dylib"
 DynamicLoaderDarwin::UnloadAllImages[37] 18A7097B-A9D1-34C6-8333-0D16CF789585 (arm64e) "/usr/lib/system/libunwind.dylib"
 DynamicLoaderDarwin::UnloadAllImages[38] 212B4ED6-CBB2-33DE-95C0-7F8A405B3EBD (arm64e) "/usr/lib/system/libxpc.dylib"
 DynamicLoaderDarwin::UnloadAllImages[39] 49E2DCB3-F014-3FCF-949B-F5F57B3EF0A8 (arm64e) "/usr/lib/libobjc.A.dylib"
 DynamicLoaderDarwin::UnloadAllImages[40] EDBB6DF0-72F9-3BC2-96FA-A86E05D3D305 (arm64e) "/usr/lib/libc++abi.dylib"
 DynamicLoaderDarwin::UnloadAllImages[41] D927DACB-D13E-3976-8065-D41237EC7529 (arm64e) "/usr/lib/liboah.dylib"
 DynamicLoaderDarwin::UnloadAllImages[42] 3702EEDE-997D-38E6-A6A1-C08EB22C375B (arm64e) "/usr/lib/libc++.1.dylib"
 Breakpoint::ModulesChanged: num_modules: 43 load: 0 delete_locations: 0

 0x12d62c238 Broadcaster("lldb.target")::BroadcastEvent (event_sp = {0x13e05e828 Event: broadcaster = 0x12e9cf400 (lldb.target), type = 0x00000001 (breakpoint-changed), data = {bkpt: 1 type: locations removed}}, unique =0) hijack = 0x0
 Initial module fetch:  Adding 2 modules.

 Found executable module: /Users/logesh/github-classroom/FPC-advanced/fpc-advanced-classroom-1st-year-assignment-l0g3sh-s/set03/problem04
 Found dyld module: /usr/lib/dyld
 Adding new image at address=0x000000010000c000.
 address=0x000000010000c000 uuid=EC7A3BA0-F9BF-3AB8-A0F4-8622E5606B20 path='/usr/lib/dyld'
 		          __TEXT [0x000000010000c000 - 0x00000001000a4000) slide = 0x10000c000
 		    __DATA_CONST [0x00000001000a4000 - 0x00000001000ac000) slide = 0x10000c000
 		          __DATA [0x00000001000ac000 - 0x00000001000b0000) slide = 0x10000c000
 		    __DATA_DIRTY [0x00000001000b0000 - 0x00000001000b4000) slide = 0x10000c000
 		      __LINKEDIT [0x00000001000b4000 - 0x0000000100110000) slide = 0x10000c000
 Adding new image at address=0x0000000100000000.
 address=0x0000000100000000 uuid=6814685A-6650-3F6C-9346-9FCC53A388BC path='/Users/logesh/github-classroom/FPC-advanced/fpc-advanced-classroom-1st-year-assignment-l0g3sh-s/set03/problem04'
 		      __PAGEZERO [0x0000000000000000 - 0x0000000100000000)
 		          __TEXT [0x0000000100000000 - 0x0000000100004000)
 		    __DATA_CONST [0x0000000100004000 - 0x0000000100008000)
 		      __LINKEDIT [0x0000000100008000 - 0x000000010000c000)
 DynamicLoaderDarwin::ModulesDidLoad[0] EC7A3BA0-F9BF-3AB8-A0F4-8622E5606B20 (arm64e) "/usr/lib/dyld"
 DynamicLoaderDarwin::ModulesDidLoad[1] 6814685A-6650-3F6C-9346-9FCC53A388BC (arm64) "/Users/logesh/github-classroom/FPC-advanced/fpc-advanced-classroom-1st-year-assignment-l0g3sh-s/set03/problem04"
 Breakpoint::ModulesChanged: num_modules: 2 load: 1 delete_locations: 0

 GDBRemoteCommunicationClient::SendGDBStoppointTypePacket() add at addr = 0x100003ef4
 0x12d62c238 Broadcaster("lldb.target")::BroadcastEvent (event_sp = {0x13d627a58 Event: broadcaster = 0x12e9cf400 (lldb.target), type = 0x00000001 (breakpoint-changed), data = {bkpt: 1 type: locations resolved}}, unique =0) hijack = 0x0
 Target::AddBreakpoint (internal = yes) => break_id = -1: name = '_dyld_debugger_notification', language = c, module = dyld


 GDBRemoteCommunicationClient::SendGDBStoppointTypePacket() add at addr = 0x10000de20
 after DynamicLoader::DidAttach(), target executable is /Users/logesh/github-classroom/FPC-advanced/fpc-advanced-classroom-1st-year-assignment-l0g3sh-s/set03/problem04 (using macos-dyld plugin)
 after SystemRuntime::DidAttach(), target executable is /Users/logesh/github-classroom/FPC-advanced/fpc-advanced-classroom-1st-year-assignment-l0g3sh-s/set03/problem04 (using systemruntime-macosx plugin)
 Ran next event action, result was 0.
 0x13e05d8b8: tid = 0xe3ba6: stop info = <NULL> (stop_id = 1)
 0x13e05d8b8: tid = 0xe3ba6: stop info = signal SIGSTOP (stop_id = 1)
 
 ThreadList::ShouldStop: 1 threads, 1 unsuspended threads
 Thread::ShouldStop(0x13e05d8b8) for tid = 0xe3ba6 0xe3ba6, pc = 0x0000000100010b70
 ^^^^^^^^ Thread::ShouldStop Begin ^^^^^^^^
 Plan stack initial state:
  thread #1: tid = 0xe3ba6:
    Active plan stack:
      Element 0: Base thread plan.

 Base plan discarding thread plans for thread tid = 0xe3ba6 (signal: signal SIGSTOP)
 Discarding thread plans for thread (tid = 0xe3ba6, force 0)
 Base plan says should stop: 1.
 Plan stack final state:
  thread #1: tid = 0xe3ba6:
    Active plan stack:
      Element 0: Base thread plan.

 vvvvvvvv Thread::ShouldStop End (returning 1) vvvvvvvv
 ThreadList::ShouldStop overall should_stop = 1
 Process::ShouldBroadcastEvent (0x13e05e0a0) => new state: stopped, last broadcast state: stopped - YES
 Process::HandlePrivateEvent (pid = 22850) broadcasting new state stopped (old state stopped) to hijacked
 timeout = <infinite>, event_sp)...
 (plugin = gdb-remote, state = stopped, restarted = 0)
 (plugin = gdb-remote, state = stopped) -- unlocking run lock
 timeout = <infinite>, event_sp) => stopped
 (plugin = gdb-remote) -- locking run lock
 Process::PrivateResume() m_stop_id = 1, public state: stopped private state: stopped
 WillResume Thread #1 (0x0x13e05d8b8): tid = 0xe3ba6, pc = 0x100010b70, sp = 0x16fdfeef8, fp = 0x00000000, plan = 'base plan', state = running, stop others = 0
 (plugin = gdb-remote, state = running)
 Current Plan for thread 1(0x13e05d8b8) (0xe3ba6, running): base plan being asked whether we should report run.
 Process::ShouldBroadcastEvent (0x13d627e80) => new state: running, last broadcast state: running - YES
 Process::HandlePrivateEvent (pid = 22850) broadcasting new state running (old state running) to public
 Process::PushProcessIOHandler pushing IO handler
 Process::HandlePrivateEvent updated m_iohandler_sync to 1
 timeout = <infinite>, event_sp)...
 (plugin = gdb-remote, state = running, restarted = 0)
 Process thinks the process has resumed.
 waited from m_iohandler_sync to change from 0. New value is 1.
 HandleCommand, command succeeded
 (plugin = gdb-remote, state = stopped)
 (plugin = gdb-remote, state = stopped, stop_id = 2
 0x13e05d8b8: tid = 0xe3ba6: stop info = <NULL> (stop_id = 2)
 0x13e05d8b8: tid = 0xe3ba6: stop info = shared-library-event (stop_id = 2)
 
 ThreadList::ShouldStop: 1 threads, 1 unsuspended threads
 Thread::ShouldStop(0x13e05d8b8) for tid = 0xe3ba6 0xe3ba6, pc = 0x000000010000de20
 ^^^^^^^^ Thread::ShouldStop Begin ^^^^^^^^
 Plan stack initial state:
  thread #1: tid = 0xe3ba6:
    Active plan stack:
      Element 0: Base thread plan.

 Target::RemoveBreakpointByID (break_id = -1, internal = yes)

 Target::DisableBreakpointByID (break_id = -1, internal = yes)

 GDBRemoteCommunicationClient::SendGDBStoppointTypePacket() remove at addr = 0x10000de20
 Unloaded:
 DynamicLoaderDarwin::UnloadAllImages[0] 6814685A-6650-3F6C-9346-9FCC53A388BC (arm64) "/Users/logesh/github-classroom/FPC-advanced/fpc-advanced-classroom-1st-year-assignment-l0g3sh-s/set03/problem04"
 Breakpoint::ModulesChanged: num_modules: 1 load: 0 delete_locations: 0

 GDBRemoteCommunicationClient::SendGDBStoppointTypePacket() remove at addr = 0x100003ef4
 0x12d62c238 Broadcaster("lldb.target")::BroadcastEvent (event_sp = {0x13d61cbd8 Event: broadcaster = 0x12e9cf400 (lldb.target), type = 0x00000001 (breakpoint-changed), data = {bkpt: 1 type: locations removed}}, unique =0) hijack = 0x0
 Target::AddBreakpoint (internal = yes) => break_id = -2: address = 0x000000018ab82414


 GDBRemoteCommunicationClient::SendGDBStoppointTypePacket() add at addr = 0x18ab82414
 Hit breakpoint location: -1.1: 
  module = /usr/lib/dyld
  symbol = _dyld_debugger_notification
  address = dyld[0x00000001800b8e20]
  resolved = false
  hardware = false
  hit count = 1   
, continuing.

 StopInfo::ShouldStop async callback says we should not stop, returning ShouldStop of false.
 ThreadList::ShouldStop overall should_stop = 0
 ThreadList::ShouldReportStop 1 threads
 Thread::ShouldReportStop() tid = 0xe3ba6: returning vote 0 for current plan
 Returning no opinion
 Process::ShouldBroadcastEvent: should_resume: 1 state: stopped was_restarted: 0 report_stop_vote: 0.
 Process::ShouldBroadcastEvent (0x13e05d7a0) Restarting process from state: stopped
 Process::PrivateResume() m_stop_id = 2, public state: running private state: stopped
 WillResume Thread #1 (0x0x13e05d8b8): tid = 0xe3ba6, pc = 0x10000de20, sp = 0x16fdfeba0, fp = 0x16fdfec50, plan = 'base plan', state = running, stop others = 0
 (plugin = gdb-remote, state = running)
 Process thinks the process has resumed.
 Process::ShouldBroadcastEvent (0x13e05d7a0) => new state: stopped, last broadcast state: running - NO
 Process::HandlePrivateEvent (pid = 22850) suppressing state stopped (old state running): should_broadcast == false
 timeout = <infinite>, event_sp)...
 Process::ShouldBroadcastEvent (0x12d6d8160) => new state: running, last broadcast state: running - NO
 Process::HandlePrivateEvent (pid = 22850) suppressing state running (old state running): should_broadcast == false
 timeout = <infinite>, event_sp)...
 (plugin = gdb-remote, state = stopped)
 (plugin = gdb-remote, state = stopped, stop_id = 3
 0x13e05d8b8: tid = 0xe3ba6: stop info = <NULL> (stop_id = 3)
 0x13e05d8b8: tid = 0xe3ba6: stop info =  (stop_id = 3)
 
 ThreadList::ShouldStop: 1 threads, 1 unsuspended threads
 Thread::ShouldStop(0x13e05d8b8) for tid = 0xe3ba6 0xe3ba6, pc = 0x000000018ab82414
 ^^^^^^^^ Thread::ShouldStop Begin ^^^^^^^^
 Plan stack initial state:
  thread #1: tid = 0xe3ba6:
    Active plan stack:
      Element 0: Base thread plan.

 Target::RemoveBreakpointByID (break_id = -2, internal = yes)

 Target::DisableBreakpointByID (break_id = -2, internal = yes)

 GDBRemoteCommunicationClient::SendGDBStoppointTypePacket() remove at addr = 0x18ab82414
 Initial module fetch:  Adding 2 modules.

 Found executable module: /Users/logesh/github-classroom/FPC-advanced/fpc-advanced-classroom-1st-year-assignment-l0g3sh-s/set03/problem04
 Found dyld module: /usr/lib/dyld
 Adding new image at address=0x000000018ab37000.
 address=0x000000018ab37000 uuid=EC7A3BA0-F9BF-3AB8-A0F4-8622E5606B20 path='/usr/lib/dyld'
 		          __TEXT [0x000000018ab37000 - 0x000000018abcb318) slide = 0xaa80000
 		    __DATA_CONST [0x00000001e4e8dbd0 - 0x00000001e4e93380) slide = 0xaa80000
 		          __DATA [0x00000001e14fe380 - 0x00000001e1500f4c) slide = 0xaa80000
 		    __DATA_DIRTY [0x00000001e1069c80 - 0x00000001e106b7e0) slide = 0xaa80000
 		      __LINKEDIT [0x0000000242cc0000 - 0x000000027a334000) slide = 0xaa80000
 Adding new image at address=0x0000000100000000.
 address=0x0000000100000000 uuid=6814685A-6650-3F6C-9346-9FCC53A388BC path='/Users/logesh/github-classroom/FPC-advanced/fpc-advanced-classroom-1st-year-assignment-l0g3sh-s/set03/problem04'
 		      __PAGEZERO [0x0000000000000000 - 0x0000000100000000)
 		          __TEXT [0x0000000100000000 - 0x0000000100004000)
 		    __DATA_CONST [0x0000000100004000 - 0x0000000100008000)
 		      __LINKEDIT [0x0000000100008000 - 0x000000010000c000)
 DynamicLoaderDarwin::ModulesDidLoad[0] EC7A3BA0-F9BF-3AB8-A0F4-8622E5606B20 (arm64e) "/usr/lib/dyld"
 DynamicLoaderDarwin::ModulesDidLoad[1] 6814685A-6650-3F6C-9346-9FCC53A388BC (arm64) "/Users/logesh/github-classroom/FPC-advanced/fpc-advanced-classroom-1st-year-assignment-l0g3sh-s/set03/problem04"
 Breakpoint::ModulesChanged: num_modules: 2 load: 1 delete_locations: 0

 GDBRemoteCommunicationClient::SendGDBStoppointTypePacket() add at addr = 0x100003ef4
 0x12d62c238 Broadcaster("lldb.target")::BroadcastEvent (event_sp = {0x12d6dc178 Event: broadcaster = 0x12e9cf400 (lldb.target), type = 0x00000001 (breakpoint-changed), data = {bkpt: 1 type: locations resolved}}, unique =0) hijack = 0x0
 Target::AddBreakpoint (internal = yes) => break_id = -3: name = '_dyld_debugger_notification', language = c, module = dyld


 GDBRemoteCommunicationClient::SendGDBStoppointTypePacket() add at addr = 0x18ab38e20
 Hit breakpoint location: -2.1: 
  address = 0x000000018ab82414
  resolved = false
  hardware = false
  hit count = 1   
, continuing.

 StopInfo::ShouldStop async callback says we should not stop, returning ShouldStop of false.
 ThreadList::ShouldStop overall should_stop = 0
 ThreadList::ShouldReportStop 1 threads
 Thread::ShouldReportStop() tid = 0xe3ba6: returning vote 0 for current plan
 Returning no opinion
 Process::ShouldBroadcastEvent: should_resume: 1 state: stopped was_restarted: 0 report_stop_vote: 0.
 Process::ShouldBroadcastEvent (0x13d613860) Restarting process from state: stopped
 Process::PrivateResume() m_stop_id = 3, public state: running private state: stopped
 WillResume Thread #1 (0x0x13e05d8b8): tid = 0xe3ba6, pc = 0x18ab82414, sp = 0x16fdfeb50, fp = 0x16fdfecb0, plan = 'base plan', state = running, stop others = 0
 (plugin = gdb-remote, state = running)
 Process thinks the process has resumed.
 Process::ShouldBroadcastEvent (0x13d613860) => new state: stopped, last broadcast state: running - NO
 Process::HandlePrivateEvent (pid = 22850) suppressing state stopped (old state running): should_broadcast == false
 timeout = <infinite>, event_sp)...
 Process::ShouldBroadcastEvent (0x12d6da3e0) => new state: running, last broadcast state: running - NO
 Process::HandlePrivateEvent (pid = 22850) suppressing state running (old state running): should_broadcast == false
 timeout = <infinite>, event_sp)...
 (plugin = gdb-remote, state = stopped)
 (plugin = gdb-remote, state = stopped, stop_id = 4
 0x13e05d8b8: tid = 0xe3ba6: stop info = <NULL> (stop_id = 4)
 0x13e05d8b8: tid = 0xe3ba6: stop info = shared-library-event (stop_id = 4)
 
 ThreadList::ShouldStop: 1 threads, 1 unsuspended threads
 Thread::ShouldStop(0x13e05d8b8) for tid = 0xe3ba6 0xe3ba6, pc = 0x000000018ab38e20
 ^^^^^^^^ Thread::ShouldStop Begin ^^^^^^^^
 Plan stack initial state:
  thread #1: tid = 0xe3ba6:
    Active plan stack:
      Element 0: Base thread plan.

 Adding 1 modules.
 Adding new image at address=0x0000000100000000.
 address=0x0000000100000000 uuid=6814685A-6650-3F6C-9346-9FCC53A388BC path='/Users/logesh/github-classroom/FPC-advanced/fpc-advanced-classroom-1st-year-assignment-l0g3sh-s/set03/problem04'
 		      __PAGEZERO [0x0000000000000000 - 0x0000000100000000)
 		          __TEXT [0x0000000100000000 - 0x0000000100004000)
 		    __DATA_CONST [0x0000000100004000 - 0x0000000100008000)
 		      __LINKEDIT [0x0000000100008000 - 0x000000010000c000)
 Hit breakpoint location: -3.1: 
  module = /usr/lib/dyld
  symbol = _dyld_debugger_notification
  address = 0x000000018ab38e20
  resolved = true
  hardware = false
  hit count = 1   
, continuing.

 StopInfo::ShouldStop async callback says we should not stop, returning ShouldStop of false.
 ThreadList::ShouldStop overall should_stop = 0
 ThreadList::ShouldReportStop 1 threads
 Thread::ShouldReportStop() tid = 0xe3ba6: returning vote 0 for current plan
 Returning no opinion
 Process::ShouldBroadcastEvent: should_resume: 1 state: stopped was_restarted: 0 report_stop_vote: 0.
 Process::ShouldBroadcastEvent (0x13d6339a0) Restarting process from state: stopped
 Process::PrivateResume() m_stop_id = 4, public state: running private state: stopped
 Thread::PushPlan(0x0x13e05d8b8): "Single stepping past breakpoint site 5 at 0x18ab38e20", tid = 0xe3ba6.
 WillResume Thread #1 (0x0x13e05d8b8): tid = 0xe3ba6, pc = 0x18ab38e20, sp = 0x16fdfea90, fp = 0x16fdfeb40, plan = 'Step over breakpoint trap', state = stepping, stop others = 1
 GDBRemoteCommunicationClient::SendGDBStoppointTypePacket() remove at addr = 0x18ab38e20
 (plugin = gdb-remote, state = running)
 Process thinks the process has resumed.
 Process::ShouldBroadcastEvent (0x13d6339a0) => new state: stopped, last broadcast state: running - NO
 Process::HandlePrivateEvent (pid = 22850) suppressing state stopped (old state running): should_broadcast == false
 timeout = <infinite>, event_sp)...
 Process::ShouldBroadcastEvent (0x13d627e80) => new state: running, last broadcast state: running - NO
 Process::HandlePrivateEvent (pid = 22850) suppressing state running (old state running): should_broadcast == false
 timeout = <infinite>, event_sp)...
 (plugin = gdb-remote, state = stopped)
 (plugin = gdb-remote, state = stopped, stop_id = 5
 0x13e05d8b8: tid = 0xe3ba6: stop info = <NULL> (stop_id = 5)
 0x13e05d8b8: tid = 0xe3ba6: stop info = trace (stop_id = 5)
 
 ThreadList::ShouldStop: 1 threads, 1 unsuspended threads
 Thread::ShouldStop(0x13e05d8b8) for tid = 0xe3ba6 0xe3ba6, pc = 0x000000018ab824d0
 ^^^^^^^^ Thread::ShouldStop Begin ^^^^^^^^
 Plan stack initial state:
  thread #1: tid = 0xe3ba6:
    Active plan stack:
      Element 0: Base thread plan.
      Element 1: Single stepping past breakpoint site 5 at 0x18ab38e20

 Step over breakpoint stopped for reason: trace.
 Plan Step over breakpoint trap should stop: 0.
 Completed step over breakpoint plan.
 GDBRemoteCommunicationClient::SendGDBStoppointTypePacket() add at addr = 0x18ab38e20
 Plan Step over breakpoint trap auto-continue: true.
 Popping plan: "Step over breakpoint trap", tid = 0xe3ba6.
 Plan stack final state:
  thread #1: tid = 0xe3ba6:
    Active plan stack:
      Element 0: Base thread plan.
    Completed plan stack:
      Element 0: Single stepping past breakpoint site 5 at 0x18ab38e20

 vvvvvvvv Thread::ShouldStop End (returning 0) vvvvvvvv
 ThreadList::ShouldStop overall should_stop = 0
 ThreadList::ShouldReportStop 1 threads
 Thread::ShouldReportStop() tid = 0xe3ba6: returning vote for complete stack's back plan
 Returning vote: no
 Returning no
 Process::ShouldBroadcastEvent: should_resume: 1 state: stopped was_restarted: 0 report_stop_vote: -1.
 Process::ShouldBroadcastEvent (0x13d627e80) Restarting process from state: stopped
 Process::PrivateResume() m_stop_id = 5, public state: running private state: stopped
 WillResume Thread #1 (0x0x13e05d8b8): tid = 0xe3ba6, pc = 0x18ab824d0, sp = 0x16fdfea90, fp = 0x16fdfeb40, plan = 'base plan', state = running, stop others = 0
 (plugin = gdb-remote, state = running)
 Process thinks the process has resumed.
 Process::ShouldBroadcastEvent (0x13d627e80) => new state: stopped, last broadcast state: running - NO
 Process::HandlePrivateEvent (pid = 22850) suppressing state stopped (old state running): should_broadcast == false
 timeout = <infinite>, event_sp)...
 Process::ShouldBroadcastEvent (0x13d61cb60) => new state: running, last broadcast state: running - NO
 Process::HandlePrivateEvent (pid = 22850) suppressing state running (old state running): should_broadcast == false
 timeout = <infinite>, event_sp)...
 (plugin = gdb-remote, state = stopped)
 (plugin = gdb-remote, state = stopped, stop_id = 6
 0x13e05d8b8: tid = 0xe3ba6: stop info = <NULL> (stop_id = 6)
 0x13e05d8b8: tid = 0xe3ba6: stop info = shared-library-event (stop_id = 6)
 
 ThreadList::ShouldStop: 1 threads, 1 unsuspended threads
 Thread::ShouldStop(0x13e05d8b8) for tid = 0xe3ba6 0xe3ba6, pc = 0x000000018ab38e20
 ^^^^^^^^ Thread::ShouldStop Begin ^^^^^^^^
 Plan stack initial state:
  thread #1: tid = 0xe3ba6:
    Active plan stack:
      Element 0: Base thread plan.

 Adding 41 modules.
 Adding new image at address=0x000000019770d000.
 address=0x000000019770d000 uuid=1E176743-EDDD-309B-AE12-6369F1A2029B path='/usr/lib/libSystem.B.dylib'
 		          __TEXT [0x000000019770d000 - 0x000000019770f000) slide = 0xaa80000
 		    __DATA_CONST [0x00000001dde31ca8 - 0x00000001dde31cb8) slide = 0xaa80000
 		    __AUTH_CONST [0x00000001e5dd5388 - 0x00000001e5dd5658) slide = 0xaa80000
 		          __AUTH [0x00000001e1684860 - 0x00000001e1684868) slide = 0xaa80000
 		          __DATA [0x00000001e00bf1e0 - 0x00000001e00bf1e8) slide = 0xaa80000
 		      __LINKEDIT [0x0000000242cc0000 - 0x000000027a334000) slide = 0xaa80000
 Adding new image at address=0x0000000197707000.
 address=0x0000000197707000 uuid=47B56AFF-F15C-3550-B9B6-560806BC20C5 path='/usr/lib/system/libcache.dylib'
 		          __TEXT [0x0000000197707000 - 0x000000019770d000) slide = 0xaa80000
 		    __DATA_CONST [0x00000001dde31c00 - 0x00000001dde31ca8) slide = 0xaa80000
 		    __AUTH_CONST [0x00000001e5dd52b0 - 0x00000001e5dd5388) slide = 0xaa80000
 		      __LINKEDIT [0x0000000242cc0000 - 0x000000027a334000) slide = 0xaa80000
 Adding new image at address=0x00000001976c3000.
 address=0x00000001976c3000 uuid=4CF0B406-031F-3BC7-8A97-61DFA262C179 path='/usr/lib/system/libcommonCrypto.dylib'
 		          __TEXT [0x00000001976c3000 - 0x00000001976d0ff8) slide = 0xaa80000
 		    __DATA_CONST [0x00000001dde30c18 - 0x00000001dde313b8) slide = 0xaa80000
 		    __AUTH_CONST [0x00000001e5dd3350 - 0x00000001e5dd4180) slide = 0xaa80000
 		          __AUTH [0x00000001e1684840 - 0x00000001e1684860) slide = 0xaa80000
 		      __LINKEDIT [0x0000000242cc0000 - 0x000000027a334000) slide = 0xaa80000
 Adding new image at address=0x00000001976ee000.
 address=0x00000001976ee000 uuid=A7A07A05-6551-3867-A8AE-2935D8FA1B4E path='/usr/lib/system/libcompiler_rt.dylib'
 		          __TEXT [0x00000001976ee000 - 0x00000001976f2000) slide = 0xaa80000
 		    __AUTH_CONST [0x00000001e5dd4a58 - 0x00000001e5dd4ab8) slide = 0xaa80000
 		          __DATA [0x00000001e00be170 - 0x00000001e00bf170) slide = 0xaa80000
 		      __LINKEDIT [0x0000000242cc0000 - 0x000000027a334000) slide = 0xaa80000
 Adding new image at address=0x00000001976e4000.
 address=0x00000001976e4000 uuid=CE4F0BED-9109-3557-8B48-45E051D43210 path='/usr/lib/system/libcopyfile.dylib'
 		          __TEXT [0x00000001976e4000 - 0x00000001976edff4) slide = 0xaa80000
 		    __DATA_CONST [0x00000001dde31710 - 0x00000001dde31af0) slide = 0xaa80000
 		    __AUTH_CONST [0x00000001e5dd45f8 - 0x00000001e5dd4a58) slide = 0xaa80000
 		          __DATA [0x00000001e00be160 - 0x00000001e00be170) slide = 0xaa80000
 		      __LINKEDIT [0x0000000242cc0000 - 0x000000027a334000) slide = 0xaa80000
 Adding new image at address=0x000000018ac33000.
 address=0x000000018ac33000 uuid=5258A992-DC2A-3A90-90F1-A64863C450A7 path='/usr/lib/system/libcorecrypto.dylib'
 		          __TEXT [0x000000018ac33000 - 0x000000018acd0ff8) slide = 0xaa80000
 		    __DATA_CONST [0x00000001ddd80000 - 0x00000001ddd80f10) slide = 0xaa80000
 		    __AUTH_CONST [0x00000001e4e9b680 - 0x00000001e4e9d188) slide = 0xaa80000
 		          __AUTH [0x00000001e1501108 - 0x00000001e15011c8) slide = 0xaa80000
 		          __DATA [0x00000001dfefc590 - 0x00000001dff048f0) slide = 0xaa80000
 		    __DATA_DIRTY [0x00000001e106c988 - 0x00000001e106ca60) slide = 0xaa80000
 		      __LINKEDIT [0x0000000242cc0000 - 0x000000027a334000) slide = 0xaa80000
 Adding new image at address=0x000000018ad08000.
 address=0x000000018ad08000 uuid=DC1D0187-7149-3100-BC63-F633AFEBEE6C path='/usr/lib/system/libdispatch.dylib'
 		          __TEXT [0x000000018ad08000 - 0x000000018ad4f000) slide = 0xaa80000
 		    __DATA_CONST [0x00000001e4e9da40 - 0x00000001e4eb1d70) slide = 0xaa80000
 		          __DATA [0x00000001e150c000 - 0x00000001e150d3a0) slide = 0xaa80000
 		    __DATA_DIRTY [0x00000001e106cc80 - 0x00000001e10706a8) slide = 0xaa80000
 		      __LINKEDIT [0x0000000242cc0000 - 0x000000027a334000) slide = 0xaa80000
 Adding new image at address=0x000000018aebf000.
 address=0x000000018aebf000 uuid=D9526862-A8B2-3424-98E7-74D5A18F9250 path='/usr/lib/system/libdyld.dylib'
 		          __TEXT [0x000000018aebf000 - 0x000000018aee4000) slide = 0xaa80000
 		    __DATA_CONST [0x00000001ddd85aa8 - 0x00000001ddd85ee8) slide = 0xaa80000
 		    __AUTH_CONST [0x00000001e4eb8238 - 0x00000001e4eb8e10) slide = 0xaa80000
 		          __AUTH [0x00000001e15105d0 - 0x00000001e1510620) slide = 0xaa80000
 		          __DATA [0x00000001dff20048 - 0x00000001dff200b8) slide = 0xaa80000
 		    __DATA_DIRTY [0x00000001e107d838 - 0x00000001e107d858) slide = 0xaa80000
 		  __SHARED_CACHE [0x00000001dff200b8 - 0x00000001dff200b8) slide = 0xaa80000
 		      __LINKEDIT [0x0000000242cc0000 - 0x000000027a334000) slide = 0xaa80000
 Adding new image at address=0x00000001976fd000.
 address=0x00000001976fd000 uuid=B6E3DE59-7C3B-3403-89FE-38BBFE86BA90 path='/usr/lib/system/libkeymgr.dylib'
 		          __TEXT [0x00000001976fd000 - 0x00000001976fdffc) slide = 0xaa80000
 		    __DATA_CONST [0x00000001dde31b78 - 0x00000001dde31b88) slide = 0xaa80000
 		    __AUTH_CONST [0x00000001e5dd5048 - 0x00000001e5dd50c8) slide = 0xaa80000
 		      __LINKEDIT [0x0000000242cc0000 - 0x000000027a334000) slide = 0xaa80000
 Adding new image at address=0x000000019769b000.
 address=0x000000019769b000 uuid=29C5FB27-B26B-3927-89C1-917051E5D353 path='/usr/lib/system/libmacho.dylib'
 		          __TEXT [0x000000019769b000 - 0x00000001976a2ffc) slide = 0xaa80000
 		    __DATA_CONST [0x00000001dde30498 - 0x00000001dde30be0) slide = 0xaa80000
 		    __AUTH_CONST [0x00000001e5dd31c8 - 0x00000001e5dd3238) slide = 0xaa80000
 		      __LINKEDIT [0x0000000242cc0000 - 0x000000027a334000) slide = 0xaa80000
 Adding new image at address=0x0000000196c38000.
 address=0x0000000196c38000 uuid=FA2FCD51-D2EB-37A7-AE47-66547DBCAB87 path='/usr/lib/system/libquarantine.dylib'
 		          __TEXT [0x0000000196c38000 - 0x0000000196c3affc) slide = 0xaa80000
 		    __DATA_CONST [0x00000001dde2bae8 - 0x00000001dde2bb38) slide = 0xaa80000
 		    __AUTH_CONST [0x00000001e5c5bda8 - 0x00000001e5c5beb8) slide = 0xaa80000
 		          __DATA [0x00000001e00aab80 - 0x00000001e00aab90) slide = 0xaa80000
 		      __LINKEDIT [0x0000000242cc0000 - 0x000000027a334000) slide = 0xaa80000
 Adding new image at address=0x00000001976fa000.
 address=0x00000001976fa000 uuid=F4566B6C-20B5-334F-86E6-50E4085DADED path='/usr/lib/system/libremovefile.dylib'
 		          __TEXT [0x00000001976fa000 - 0x00000001976fcffc) slide = 0xaa80000
 		    __DATA_CONST [0x00000001dde31b68 - 0x00000001dde31b78) slide = 0xaa80000
 		    __AUTH_CONST [0x00000001e5dd4ec8 - 0x00000001e5dd5048) slide = 0xaa80000
 		      __LINKEDIT [0x0000000242cc0000 - 0x000000027a334000) slide = 0xaa80000
 Adding new image at address=0x0000000190580000.
 address=0x0000000190580000 uuid=9833954F-A010-3492-810A-70F96E17266E path='/usr/lib/system/libsystem_asl.dylib'
 		          __TEXT [0x0000000190580000 - 0x0000000190598000) slide = 0xaa80000
 		    __DATA_CONST [0x00000001ddda9918 - 0x00000001ddda9f38) slide = 0xaa80000
 		    __AUTH_CONST [0x00000001e55aba28 - 0x00000001e55ac470) slide = 0xaa80000
 		          __DATA [0x00000001dffed3e8 - 0x00000001dffed4f8) slide = 0xaa80000
 		    __DATA_DIRTY [0x00000001e10cbd90 - 0x00000001e10cbeec) slide = 0xaa80000
 		      __LINKEDIT [0x0000000242cc0000 - 0x000000027a334000) slide = 0xaa80000
 Adding new image at address=0x000000018abcc000.
 address=0x000000018abcc000 uuid=A2904D7C-66C8-36E7-BC4B-D30025BA0351 path='/usr/lib/system/libsystem_blocks.dylib'
 		          __TEXT [0x000000018abcc000 - 0x000000018abd0ff9) slide = 0xaa80000
 		    __DATA_CONST [0x00000001e4e93380 - 0x00000001e4e936f0) slide = 0xaa80000
 		    __AUTH_CONST [0x00000001e4e936f0 - 0x00000001e4e938c0) slide = 0xaa80000
 		          __DATA [0x00000001dfefb5e0 - 0x00000001dfefb5f8) slide = 0xaa80000
 		    __DATA_DIRTY [0x00000001e106b7e0 - 0x00000001e106b9d8) slide = 0xaa80000
 		      __LINKEDIT [0x0000000242cc0000 - 0x000000027a334000) slide = 0xaa80000
 Adding new image at address=0x000000018ad52000.
 address=0x000000018ad52000 uuid=DECB8685-F34A-3979-AFCB-71FB55747E41 path='/usr/lib/system/libsystem_c.dylib'
 		          __TEXT [0x000000018ad52000 - 0x000000018add0ffc) slide = 0xaa80000
 		    __DATA_CONST [0x00000001ddd81140 - 0x00000001ddd829c8) slide = 0xaa80000
 		    __AUTH_CONST [0x00000001e4eb1ef0 - 0x00000001e4eb2850) slide = 0xaa80000
 		          __AUTH [0x00000001e150d3a0 - 0x00000001e150e0c0) slide = 0xaa80000
 		          __DATA [0x00000001dff06c30 - 0x00000001dff08db0) slide = 0xaa80000
 		    __DATA_DIRTY [0x00000001e10706b8 - 0x00000001e1073240) slide = 0xaa80000
 		      __LINKEDIT [0x0000000242cc0000 - 0x000000027a334000) slide = 0xaa80000
 Adding new image at address=0x00000001976f2000.
 address=0x00000001976f2000 uuid=985E00EB-F590-3B07-876A-EFE015DB79EF path='/usr/lib/system/libsystem_collections.dylib'
 		          __TEXT [0x00000001976f2000 - 0x00000001976f6ffc) slide = 0xaa80000
 		    __DATA_CONST [0x00000001dde31af0 - 0x00000001dde31af8) slide = 0xaa80000
 		    __AUTH_CONST [0x00000001e5dd4ab8 - 0x00000001e5dd4c08) slide = 0xaa80000
 		      __LINKEDIT [0x0000000242cc0000 - 0x000000027a334000) slide = 0xaa80000
 Adding new image at address=0x0000000195f15000.
 address=0x0000000195f15000 uuid=389249EB-5A9C-362C-985F-6F470280D6F3 path='/usr/lib/system/libsystem_configuration.dylib'
 		          __TEXT [0x0000000195f15000 - 0x0000000195f1a000) slide = 0xaa80000
 		    __DATA_CONST [0x00000001dde283d8 - 0x00000001dde285b0) slide = 0xaa80000
 		    __AUTH_CONST [0x00000001e5be2160 - 0x00000001e5be2488) slide = 0xaa80000
 		          __DATA [0x00000001e0095830 - 0x00000001e00958f1) slide = 0xaa80000
 		      __LINKEDIT [0x0000000242cc0000 - 0x000000027a334000) slide = 0xaa80000
 Adding new image at address=0x0000000194f9b000.
 address=0x0000000194f9b000 uuid=444831B7-DB95-3E3A-8C1C-97E49676B185 path='/usr/lib/system/libsystem_containermanager.dylib'
 		          __TEXT [0x0000000194f9b000 - 0x0000000194fc4ff8) slide = 0xaa80000
 		    __DATA_CONST [0x00000001dde01468 - 0x00000001dde02000) slide = 0xaa80000
 		    __AUTH_CONST [0x00000001e5a32970 - 0x00000001e5a34238) slide = 0xaa80000
 		          __AUTH [0x00000001e165fe58 - 0x00000001e165ffc0) slide = 0xaa80000
 		          __DATA [0x00000001e006acd8 - 0x00000001e006b050) slide = 0xaa80000
 		      __LINKEDIT [0x0000000242cc0000 - 0x000000027a334000) slide = 0xaa80000
 Adding new image at address=0x000000019733e000.
 address=0x000000019733e000 uuid=26F9E755-26EC-3974-BEC8-3B706D0254BA path='/usr/lib/system/libsystem_coreservices.dylib'
 		          __TEXT [0x000000019733e000 - 0x0000000197344000) slide = 0xaa80000
 		    __DATA_CONST [0x00000001dde2e2d8 - 0x00000001dde2eb78) slide = 0xaa80000
 		    __AUTH_CONST [0x00000001e5d828a0 - 0x00000001e5d82b80) slide = 0xaa80000
 		          __DATA [0x00000001e00b3cc0 - 0x00000001e00b3d68) slide = 0xaa80000
 		      __LINKEDIT [0x0000000242cc0000 - 0x000000027a334000) slide = 0xaa80000
 Adding new image at address=0x000000018e25b000.
 address=0x000000018e25b000 uuid=EF617F40-254D-325F-BA6B-382CB7D8BC89 path='/usr/lib/system/libsystem_darwin.dylib'
 		          __TEXT [0x000000018e25b000 - 0x000000018e265ff8) slide = 0xaa80000
 		    __DATA_CONST [0x00000001ddd99958 - 0x00000001ddd9c2d8) slide = 0xaa80000
 		    __AUTH_CONST [0x00000001e541d8f8 - 0x00000001e541dd40) slide = 0xaa80000
 		          __DATA [0x00000001dffc6f30 - 0x00000001dffc6f40) slide = 0xaa80000
 		    __DATA_DIRTY [0x00000001e10940a8 - 0x00000001e10940d8) slide = 0xaa80000
 		      __LINKEDIT [0x0000000242cc0000 - 0x000000027a334000) slide = 0xaa80000
 Adding new image at address=0x000000022a39a000.
 address=0x000000022a39a000 uuid=8C2C7C2A-F18E-3196-BB40-B4BB95C5BFF9 path='/usr/lib/system/libsystem_darwindirectory.dylib'
 		          __TEXT [0x000000022a39a000 - 0x000000022a39e000) slide = 0xaa80000
 		    __DATA_CONST [0x0000000236dda990 - 0x0000000236ddab18) slide = 0xaa80000
 		    __AUTH_CONST [0x00000002406d4ef8 - 0x00000002406d5238) slide = 0xaa80000
 		          __DATA [0x000000023a0f0e28 - 0x000000023a0f0e68) slide = 0xaa80000
 		      __LINKEDIT [0x0000000242cc0000 - 0x000000027a334000) slide = 0xaa80000
 Adding new image at address=0x00000001976fe000.
 address=0x00000001976fe000 uuid=D922E985-BD3A-3618-9189-5B931F3CD90C path='/usr/lib/system/libsystem_dnssd.dylib'
 		          __TEXT [0x00000001976fe000 - 0x0000000197706ff8) slide = 0xaa80000
 		    __DATA_CONST [0x00000001dde31b88 - 0x00000001dde31c00) slide = 0xaa80000
 		    __AUTH_CONST [0x00000001e5dd50c8 - 0x00000001e5dd52b0) slide = 0xaa80000
 		          __DATA [0x00000001e00bf1b0 - 0x00000001e00bf1e0) slide = 0xaa80000
 		      __LINKEDIT [0x0000000242cc0000 - 0x000000027a334000) slide = 0xaa80000
 Adding new image at address=0x000000018ad4f000.
 address=0x000000018ad4f000 uuid=3282C86B-3BD7-353A-AC3E-09BCC631BB1F path='/usr/lib/system/libsystem_featureflags.dylib'
 		          __TEXT [0x000000018ad4f000 - 0x000000018ad52000) slide = 0xaa80000
 		    __DATA_CONST [0x00000001ddd81100 - 0x00000001ddd81140) slide = 0xaa80000
 		    __AUTH_CONST [0x00000001e4eb1d70 - 0x00000001e4eb1ef0) slide = 0xaa80000
 		          __DATA [0x00000001dff06be8 - 0x00000001dff06c21) slide = 0xaa80000
 		    __DATA_DIRTY [0x00000001e10706a8 - 0x00000001e10706b8) slide = 0xaa80000
 		      __LINKEDIT [0x0000000242cc0000 - 0x000000027a334000) slide = 0xaa80000
 Adding new image at address=0x000000018aeeb000.
 address=0x000000018aeeb000 uuid=D4F1ECDB-5AA0-3733-81D9-C9529001A13C path='/usr/lib/system/libsystem_info.dylib'
 		          __TEXT [0x000000018aeeb000 - 0x000000018af17ffc) slide = 0xaa80000
 		    __DATA_CONST [0x00000001ddd85f08 - 0x00000001ddd86468) slide = 0xaa80000
 		    __AUTH_CONST [0x00000001e4eb9020 - 0x00000001e4eba1b8) slide = 0xaa80000
 		          __AUTH [0x00000001e1510620 - 0x00000001e15107f0) slide = 0xaa80000
 		          __DATA [0x00000001dff200f8 - 0x00000001dff20c88) slide = 0xaa80000
 		    __DATA_DIRTY [0x00000001e107d870 - 0x00000001e107db18) slide = 0xaa80000
 		      __LINKEDIT [0x0000000242cc0000 - 0x000000027a334000) slide = 0xaa80000
 Adding new image at address=0x0000000197660000.
 address=0x0000000197660000 uuid=072B3C9C-C54E-3F27-B231-88482F485502 path='/usr/lib/system/libsystem_m.dylib'
 		          __TEXT [0x0000000197660000 - 0x0000000197696ff4) slide = 0xaa80000
 		    __AUTH_CONST [0x00000001e5dd3198 - 0x00000001e5dd31b8) slide = 0xaa80000
 		          __DATA [0x00000001e00bc6a4 - 0x00000001e00bc6a8) slide = 0xaa80000
 		      __LINKEDIT [0x0000000242cc0000 - 0x000000027a334000) slide = 0xaa80000
 Adding new image at address=0x000000018acd1000.
 address=0x000000018acd1000 uuid=901200AA-1016-3DAA-8816-5032588ED460 path='/usr/lib/system/libsystem_malloc.dylib'
 		          __TEXT [0x000000018acd1000 - 0x000000018ad08000) slide = 0xaa80000
 		    __DATA_CONST [0x00000001ddd80f10 - 0x00000001ddd81100) slide = 0xaa80000
 		    __AUTH_CONST [0x00000001e4e9d188 - 0x00000001e4e9da38) slide = 0xaa80000
 		          __AUTH [0x00000001e1504000 - 0x00000001e150c000) slide = 0xaa80000
 		          __DATA [0x00000001dff048f0 - 0x00000001dff06be4) slide = 0xaa80000
 		    __DATA_DIRTY [0x00000001e106ca60 - 0x00000001e106cc70) slide = 0xaa80000
 		      __LINKEDIT [0x0000000242cc0000 - 0x000000027a334000) slide = 0xaa80000
 Adding new image at address=0x00000001904f0000.
 address=0x00000001904f0000 uuid=11D8A745-1F2F-3493-872E-C58F13BBD4D2 path='/usr/lib/system/libsystem_networkextension.dylib'
 		          __TEXT [0x00000001904f0000 - 0x0000000190509ff8) slide = 0xaa80000
 		    __DATA_CONST [0x00000001ddda9278 - 0x00000001ddda98f0) slide = 0xaa80000
 		    __AUTH_CONST [0x00000001e553a5e0 - 0x00000001e553b200) slide = 0xaa80000
 		          __DATA [0x00000001dffec630 - 0x00000001dffecd00) slide = 0xaa80000
 		    __DATA_DIRTY [0x00000001e10ca570 - 0x00000001e10ca5b0) slide = 0xaa80000
 		      __LINKEDIT [0x0000000242cc0000 - 0x000000027a334000) slide = 0xaa80000
 Adding new image at address=0x000000018e6cd000.
 address=0x000000018e6cd000 uuid=D86A0878-9C5C-367C-8A6D-941C5E4C11C2 path='/usr/lib/system/libsystem_notify.dylib'
 		          __TEXT [0x000000018e6cd000 - 0x000000018e6de000) slide = 0xaa80000
 		    __DATA_CONST [0x00000001ddd9cff0 - 0x00000001ddd9d148) slide = 0xaa80000
 		    __AUTH_CONST [0x00000001e5445198 - 0x00000001e5445518) slide = 0xaa80000
 		          __DATA [0x00000001dffcff80 - 0x00000001dffcffd1) slide = 0xaa80000
 		    __DATA_DIRTY [0x00000001e10971c8 - 0x00000001e10971d0) slide = 0xaa80000
 		      __LINKEDIT [0x0000000242cc0000 - 0x000000027a334000) slide = 0xaa80000
 Adding new image at address=0x0000000195f1a000.
 address=0x0000000195f1a000 uuid=893061BE-F3BD-3696-AC8D-4DA5E7477A20 path='/usr/lib/system/libsystem_sandbox.dylib'
 		          __TEXT [0x0000000195f1a000 - 0x0000000195f1fff4) slide = 0xaa80000
 		    __DATA_CONST [0x00000001dde285b0 - 0x00000001dde28630) slide = 0xaa80000
 		    __AUTH_CONST [0x00000001e5be2488 - 0x00000001e5be2690) slide = 0xaa80000
 		          __DATA [0x00000001e00958f8 - 0x00000001e0095920) slide = 0xaa80000
 		      __LINKEDIT [0x0000000242cc0000 - 0x000000027a334000) slide = 0xaa80000
 Adding new image at address=0x00000001976f7000.
 address=0x00000001976f7000 uuid=A0DAA91D-049F-334F-917F-92DF752CD8F4 path='/usr/lib/system/libsystem_secinit.dylib'
 		          __TEXT [0x00000001976f7000 - 0x00000001976f9ffc) slide = 0xaa80000
 		    __DATA_CONST [0x00000001dde31af8 - 0x00000001dde31b68) slide = 0xaa80000
 		    __AUTH_CONST [0x00000001e5dd4c08 - 0x00000001e5dd4ec8) slide = 0xaa80000
 		          __DATA [0x00000001e00bf170 - 0x00000001e00bf1b0) slide = 0xaa80000
 		      __LINKEDIT [0x0000000242cc0000 - 0x000000027a334000) slide = 0xaa80000
 Adding new image at address=0x000000018ae77000.
 address=0x000000018ae77000 uuid=B7751381-1442-30B5-91B9-AD7BE461BEBE path='/usr/lib/system/libsystem_kernel.dylib'
 		          __TEXT [0x000000018ae77000 - 0x000000018aeb1ff0) slide = 0xaa80000
 		    __DATA_CONST [0x00000001ddd83790 - 0x00000001ddd85a70) slide = 0xaa80000
 		    __AUTH_CONST [0x00000001e4eb7ee8 - 0x00000001e4eb8008) slide = 0xaa80000
 		          __DATA [0x00000001dff0fe18 - 0x00000001dff10090) slide = 0xaa80000
 		    __DATA_DIRTY [0x00000001e1074548 - 0x00000001e1074c1c) slide = 0xaa80000
 		      __LINKEDIT [0x0000000242cc0000 - 0x000000027a334000) slide = 0xaa80000
 Adding new image at address=0x000000018aee4000.
 address=0x000000018aee4000 uuid=FC8CD17B-8769-348C-8DCD-1BFED022F9E4 path='/usr/lib/system/libsystem_platform.dylib'
 		          __TEXT [0x000000018aee4000 - 0x000000018aeeaffc) slide = 0xaa80000
 		    __DATA_CONST [0x00000001ddd85ee8 - 0x00000001ddd85f08) slide = 0xaa80000
 		    __AUTH_CONST [0x00000001e4eb8e10 - 0x00000001e4eb9020) slide = 0xaa80000
 		          __DATA [0x00000001dff200b8 - 0x00000001dff200f8) slide = 0xaa80000
 		    __DATA_DIRTY [0x00000001e107d858 - 0x00000001e107d86c) slide = 0xaa80000
 		      __LINKEDIT [0x0000000242cc0000 - 0x000000027a334000) slide = 0xaa80000
 Adding new image at address=0x000000018aeb2000.
 address=0x000000018aeb2000 uuid=DAF95373-5DE6-39A1-A6CE-D87F3F0629CC path='/usr/lib/system/libsystem_pthread.dylib'
 		          __TEXT [0x000000018aeb2000 - 0x000000018aebeff4) slide = 0xaa80000
 		    __DATA_CONST [0x00000001ddd85a70 - 0x00000001ddd85aa8) slide = 0xaa80000
 		    __AUTH_CONST [0x00000001e4eb8008 - 0x00000001e4eb8238) slide = 0xaa80000
 		          __DATA [0x00000001dff14000 - 0x00000001dff20046) slide = 0xaa80000
 		    __DATA_DIRTY [0x00000001e1078000 - 0x00000001e107d838) slide = 0xaa80000
 		      __LINKEDIT [0x0000000242cc0000 - 0x000000027a334000) slide = 0xaa80000
 Adding new image at address=0x0000000191f37000.
 address=0x0000000191f37000 uuid=B9688985-C611-3987-9BD1-23ABCFA25045 path='/usr/lib/system/libsystem_symptoms.dylib'
 		          __TEXT [0x0000000191f37000 - 0x0000000191f3fff4) slide = 0xaa80000
 		    __DATA_CONST [0x00000001dddb0040 - 0x00000001dddb01f0) slide = 0xaa80000
 		    __AUTH_CONST [0x00000001e5683500 - 0x00000001e56837c8) slide = 0xaa80000
 		          __DATA [0x00000001e001b680 - 0x00000001e001b6c0) slide = 0xaa80000
 		    __DATA_DIRTY [0x00000001e10d65d8 - 0x00000001e10d65e8) slide = 0xaa80000
 		      __LINKEDIT [0x0000000242cc0000 - 0x000000027a334000) slide = 0xaa80000
 Adding new image at address=0x000000018ac18000.
 address=0x000000018ac18000 uuid=91ECA044-8462-3293-AEEA-183BF841CBA2 path='/usr/lib/system/libsystem_trace.dylib'
 		          __TEXT [0x000000018ac18000 - 0x000000018ac33000) slide = 0xaa80000
 		    __DATA_CONST [0x00000001e4e99ef8 - 0x00000001e4e9a808) slide = 0xaa80000
 		    __AUTH_CONST [0x00000001e4e9a808 - 0x00000001e4e9b680) slide = 0xaa80000
 		          __AUTH [0x00000001e1500f50 - 0x00000001e1501108) slide = 0xaa80000
 		          __DATA [0x00000001dfefc368 - 0x00000001dfefc590) slide = 0xaa80000
 		    __DATA_DIRTY [0x00000001e106c518 - 0x00000001e106c988) slide = 0xaa80000
 		      __LINKEDIT [0x0000000242cc0000 - 0x000000027a334000) slide = 0xaa80000
 Adding new image at address=0x00000001976d1000.
 address=0x00000001976d1000 uuid=18A7097B-A9D1-34C6-8333-0D16CF789585 path='/usr/lib/system/libunwind.dylib'
 		          __TEXT [0x00000001976d1000 - 0x00000001976dc000) slide = 0xaa80000
 		    __DATA_CONST [0x00000001dde313b8 - 0x00000001dde316d8) slide = 0xaa80000
 		    __AUTH_CONST [0x00000001e5dd4180 - 0x00000001e5dd4290) slide = 0xaa80000
 		          __DATA [0x00000001e00bc730 - 0x00000001e00bd131) slide = 0xaa80000
 		      __LINKEDIT [0x0000000242cc0000 - 0x000000027a334000) slide = 0xaa80000
 Adding new image at address=0x000000018abd1000.
 address=0x000000018abd1000 uuid=212B4ED6-CBB2-33DE-95C0-7F8A405B3EBD path='/usr/lib/system/libxpc.dylib'
 		          __TEXT [0x000000018abd1000 - 0x000000018ac18000) slide = 0xaa80000
 		    __DATA_CONST [0x00000001e4e938c0 - 0x00000001e4e99ef8) slide = 0xaa80000
 		          __DATA [0x00000001dfefb5f8 - 0x00000001dfefc368) slide = 0xaa80000
 		    __DATA_DIRTY [0x00000001e106b9d8 - 0x00000001e106c518) slide = 0xaa80000
 		      __LINKEDIT [0x0000000242cc0000 - 0x000000027a334000) slide = 0xaa80000
 Adding new image at address=0x000000018ae5f000.
 address=0x000000018ae5f000 uuid=EDBB6DF0-72F9-3BC2-96FA-A86E05D3D305 path='/usr/lib/libc++abi.dylib'
 		          __TEXT [0x000000018ae5f000 - 0x000000018ae77000) slide = 0xaa80000
 		    __DATA_CONST [0x00000001ddd83338 - 0x00000001ddd83790) slide = 0xaa80000
 		    __AUTH_CONST [0x00000001e4eb4b88 - 0x00000001e4eb7ee8) slide = 0xaa80000
 		          __AUTH [0x00000001e1510578 - 0x00000001e15105d0) slide = 0xaa80000
 		          __DATA [0x00000001dff0fac0 - 0x00000001dff0fe18) slide = 0xaa80000
 		    __DATA_DIRTY [0x00000001e1074520 - 0x00000001e1074548) slide = 0xaa80000
 		      __LINKEDIT [0x0000000242cc0000 - 0x000000027a334000) slide = 0xaa80000
 Adding new image at address=0x000000018aae8000.
 address=0x000000018aae8000 uuid=49E2DCB3-F014-3FCF-949B-F5F57B3EF0A8 path='/usr/lib/libobjc.A.dylib'
 		          __TEXT [0x000000018aae8000 - 0x000000018ab36f09) slide = 0xaa80000
 		    __DATA_CONST [0x00000001e4e8c000 - 0x00000001e4e8cfb8) slide = 0xaa80000
 		    __AUTH_CONST [0x00000001e4e8cfc0 - 0x00000001e4e8dbd0) slide = 0xaa80000
 		          __AUTH [0x00000001e14fe2e0 - 0x00000001e14fe358) slide = 0xaa80000
 		          __DATA [0x00000001dfef8000 - 0x00000001dfefb5e0) slide = 0xaa80000
 		    __DATA_DIRTY [0x00000001e1066e40 - 0x00000001e1069c50) slide = 0xaa80000
 		       __OBJC_RO [0x00000001d96ac378 - 0x00000001ddd7d150) slide = 0xaa80000
 		       __OBJC_RW [0x00000001e0e4c000 - 0x00000001e1066e10) slide = 0xaa80000
 		      __LINKEDIT [0x0000000242cc0000 - 0x000000027a334000) slide = 0xaa80000
 Adding new image at address=0x00000001976dc000.
 address=0x00000001976dc000 uuid=D927DACB-D13E-3976-8065-D41237EC7529 path='/usr/lib/liboah.dylib'
 		          __TEXT [0x00000001976dc000 - 0x00000001976e4000) slide = 0xaa80000
 		    __DATA_CONST [0x00000001dde316d8 - 0x00000001dde31710) slide = 0xaa80000
 		    __AUTH_CONST [0x00000001e5dd4290 - 0x00000001e5dd45f8) slide = 0xaa80000
 		          __DATA [0x00000001e00bd138 - 0x00000001e00be160) slide = 0xaa80000
 		      __LINKEDIT [0x0000000242cc0000 - 0x000000027a334000) slide = 0xaa80000
 Adding new image at address=0x000000018add1000.
 address=0x000000018add1000 uuid=3702EEDE-997D-38E6-A6A1-C08EB22C375B path='/usr/lib/libc++.1.dylib'
 		          __TEXT [0x000000018add1000 - 0x000000018ae5eff8) slide = 0xaa80000
 		    __DATA_CONST [0x00000001ddd829c8 - 0x00000001ddd83338) slide = 0xaa80000
 		    __AUTH_CONST [0x00000001e4eb2850 - 0x00000001e4eb4b88) slide = 0xaa80000
 		          __AUTH [0x00000001e150e0c0 - 0x00000001e1510578) slide = 0xaa80000
 		          __DATA [0x00000001dff09000 - 0x00000001dff0fac0) slide = 0xaa80000
 		    __DATA_DIRTY [0x00000001e1073240 - 0x00000001e1074520) slide = 0xaa80000
 		      __LINKEDIT [0x0000000242cc0000 - 0x000000027a334000) slide = 0xaa80000
 DynamicLoaderDarwin::ModulesDidLoad[0] 1E176743-EDDD-309B-AE12-6369F1A2029B (arm64e) "/usr/lib/libSystem.B.dylib"
 DynamicLoaderDarwin::ModulesDidLoad[1] 47B56AFF-F15C-3550-B9B6-560806BC20C5 (arm64e) "/usr/lib/system/libcache.dylib"
 DynamicLoaderDarwin::ModulesDidLoad[2] 4CF0B406-031F-3BC7-8A97-61DFA262C179 (arm64e) "/usr/lib/system/libcommonCrypto.dylib"
 DynamicLoaderDarwin::ModulesDidLoad[3] A7A07A05-6551-3867-A8AE-2935D8FA1B4E (arm64e) "/usr/lib/system/libcompiler_rt.dylib"
 DynamicLoaderDarwin::ModulesDidLoad[4] CE4F0BED-9109-3557-8B48-45E051D43210 (arm64e) "/usr/lib/system/libcopyfile.dylib"
 DynamicLoaderDarwin::ModulesDidLoad[5] 5258A992-DC2A-3A90-90F1-A64863C450A7 (arm64e) "/usr/lib/system/libcorecrypto.dylib"
 DynamicLoaderDarwin::ModulesDidLoad[6] DC1D0187-7149-3100-BC63-F633AFEBEE6C (arm64e) "/usr/lib/system/libdispatch.dylib"
 DynamicLoaderDarwin::ModulesDidLoad[7] D9526862-A8B2-3424-98E7-74D5A18F9250 (arm64e) "/usr/lib/system/libdyld.dylib"
 DynamicLoaderDarwin::ModulesDidLoad[8] B6E3DE59-7C3B-3403-89FE-38BBFE86BA90 (arm64e) "/usr/lib/system/libkeymgr.dylib"
 DynamicLoaderDarwin::ModulesDidLoad[9] 29C5FB27-B26B-3927-89C1-917051E5D353 (arm64e) "/usr/lib/system/libmacho.dylib"
 DynamicLoaderDarwin::ModulesDidLoad[10] FA2FCD51-D2EB-37A7-AE47-66547DBCAB87 (arm64e) "/usr/lib/system/libquarantine.dylib"
 DynamicLoaderDarwin::ModulesDidLoad[11] F4566B6C-20B5-334F-86E6-50E4085DADED (arm64e) "/usr/lib/system/libremovefile.dylib"
 DynamicLoaderDarwin::ModulesDidLoad[12] 9833954F-A010-3492-810A-70F96E17266E (arm64e) "/usr/lib/system/libsystem_asl.dylib"
 DynamicLoaderDarwin::ModulesDidLoad[13] A2904D7C-66C8-36E7-BC4B-D30025BA0351 (arm64e) "/usr/lib/system/libsystem_blocks.dylib"
 DynamicLoaderDarwin::ModulesDidLoad[14] DECB8685-F34A-3979-AFCB-71FB55747E41 (arm64e) "/usr/lib/system/libsystem_c.dylib"
 DynamicLoaderDarwin::ModulesDidLoad[15] 985E00EB-F590-3B07-876A-EFE015DB79EF (arm64e) "/usr/lib/system/libsystem_collections.dylib"
 DynamicLoaderDarwin::ModulesDidLoad[16] 389249EB-5A9C-362C-985F-6F470280D6F3 (arm64e) "/usr/lib/system/libsystem_configuration.dylib"
 DynamicLoaderDarwin::ModulesDidLoad[17] 444831B7-DB95-3E3A-8C1C-97E49676B185 (arm64e) "/usr/lib/system/libsystem_containermanager.dylib"
 DynamicLoaderDarwin::ModulesDidLoad[18] 26F9E755-26EC-3974-BEC8-3B706D0254BA (arm64e) "/usr/lib/system/libsystem_coreservices.dylib"
 DynamicLoaderDarwin::ModulesDidLoad[19] EF617F40-254D-325F-BA6B-382CB7D8BC89 (arm64e) "/usr/lib/system/libsystem_darwin.dylib"
 DynamicLoaderDarwin::ModulesDidLoad[20] 8C2C7C2A-F18E-3196-BB40-B4BB95C5BFF9 (arm64e) "/usr/lib/system/libsystem_darwindirectory.dylib"
 DynamicLoaderDarwin::ModulesDidLoad[21] D922E985-BD3A-3618-9189-5B931F3CD90C (arm64e) "/usr/lib/system/libsystem_dnssd.dylib"
 DynamicLoaderDarwin::ModulesDidLoad[22] 3282C86B-3BD7-353A-AC3E-09BCC631BB1F (arm64e) "/usr/lib/system/libsystem_featureflags.dylib"
 DynamicLoaderDarwin::ModulesDidLoad[23] D4F1ECDB-5AA0-3733-81D9-C9529001A13C (arm64e) "/usr/lib/system/libsystem_info.dylib"
 DynamicLoaderDarwin::ModulesDidLoad[24] 072B3C9C-C54E-3F27-B231-88482F485502 (arm64e) "/usr/lib/system/libsystem_m.dylib"
 DynamicLoaderDarwin::ModulesDidLoad[25] 901200AA-1016-3DAA-8816-5032588ED460 (arm64e) "/usr/lib/system/libsystem_malloc.dylib"
 DynamicLoaderDarwin::ModulesDidLoad[26] 11D8A745-1F2F-3493-872E-C58F13BBD4D2 (arm64e) "/usr/lib/system/libsystem_networkextension.dylib"
 DynamicLoaderDarwin::ModulesDidLoad[27] D86A0878-9C5C-367C-8A6D-941C5E4C11C2 (arm64e) "/usr/lib/system/libsystem_notify.dylib"
 DynamicLoaderDarwin::ModulesDidLoad[28] 893061BE-F3BD-3696-AC8D-4DA5E7477A20 (arm64e) "/usr/lib/system/libsystem_sandbox.dylib"
 DynamicLoaderDarwin::ModulesDidLoad[29] A0DAA91D-049F-334F-917F-92DF752CD8F4 (arm64e) "/usr/lib/system/libsystem_secinit.dylib"
 DynamicLoaderDarwin::ModulesDidLoad[30] B7751381-1442-30B5-91B9-AD7BE461BEBE (arm64e) "/usr/lib/system/libsystem_kernel.dylib"
 DynamicLoaderDarwin::ModulesDidLoad[31] FC8CD17B-8769-348C-8DCD-1BFED022F9E4 (arm64e) "/usr/lib/system/libsystem_platform.dylib"
 DynamicLoaderDarwin::ModulesDidLoad[32] DAF95373-5DE6-39A1-A6CE-D87F3F0629CC (arm64e) "/usr/lib/system/libsystem_pthread.dylib"
 DynamicLoaderDarwin::ModulesDidLoad[33] B9688985-C611-3987-9BD1-23ABCFA25045 (arm64e) "/usr/lib/system/libsystem_symptoms.dylib"
 DynamicLoaderDarwin::ModulesDidLoad[34] 91ECA044-8462-3293-AEEA-183BF841CBA2 (arm64e) "/usr/lib/system/libsystem_trace.dylib"
 DynamicLoaderDarwin::ModulesDidLoad[35] 18A7097B-A9D1-34C6-8333-0D16CF789585 (arm64e) "/usr/lib/system/libunwind.dylib"
 DynamicLoaderDarwin::ModulesDidLoad[36] 212B4ED6-CBB2-33DE-95C0-7F8A405B3EBD (arm64e) "/usr/lib/system/libxpc.dylib"
 DynamicLoaderDarwin::ModulesDidLoad[37] EDBB6DF0-72F9-3BC2-96FA-A86E05D3D305 (arm64e) "/usr/lib/libc++abi.dylib"
 DynamicLoaderDarwin::ModulesDidLoad[38] 49E2DCB3-F014-3FCF-949B-F5F57B3EF0A8 (arm64e) "/usr/lib/libobjc.A.dylib"
 DynamicLoaderDarwin::ModulesDidLoad[39] D927DACB-D13E-3976-8065-D41237EC7529 (arm64e) "/usr/lib/liboah.dylib"
 DynamicLoaderDarwin::ModulesDidLoad[40] 3702EEDE-997D-38E6-A6A1-C08EB22C375B (arm64e) "/usr/lib/libc++.1.dylib"
 Breakpoint::ModulesChanged: num_modules: 41 load: 1 delete_locations: 0

 Breakpoint::ModulesChanged: num_modules: 41 load: 1 delete_locations: 0

 Hit breakpoint location: -3.1: 
  module = /usr/lib/dyld
  symbol = _dyld_debugger_notification
  address = 0x000000018ab38e20
  resolved = true
  hardware = false
  hit count = 2   
, continuing.

 StopInfo::ShouldStop async callback says we should not stop, returning ShouldStop of false.
 ThreadList::ShouldStop overall should_stop = 0
 ThreadList::ShouldReportStop 1 threads
 Thread::ShouldReportStop() tid = 0xe3ba6: returning vote 0 for current plan
 Returning no opinion
 Process::ShouldBroadcastEvent: should_resume: 1 state: stopped was_restarted: 0 report_stop_vote: 0.
 Process::ShouldBroadcastEvent (0x13e01ddf0) Restarting process from state: stopped
 Process::PrivateResume() m_stop_id = 6, public state: running private state: stopped
 Thread::PushPlan(0x0x13e05d8b8): "Single stepping past breakpoint site 5 at 0x18ab38e20", tid = 0xe3ba6.
 WillResume Thread #1 (0x0x13e05d8b8): tid = 0xe3ba6, pc = 0x18ab38e20, sp = 0x16fdfd810, fp = 0x16fdfda00, plan = 'Step over breakpoint trap', state = stepping, stop others = 1
 GDBRemoteCommunicationClient::SendGDBStoppointTypePacket() remove at addr = 0x18ab38e20
 (plugin = gdb-remote, state = running)
 Process thinks the process has resumed.
 Process::ShouldBroadcastEvent (0x13e01ddf0) => new state: stopped, last broadcast state: running - NO
 Process::HandlePrivateEvent (pid = 22850) suppressing state stopped (old state running): should_broadcast == false
 timeout = <infinite>, event_sp)...
 Process::ShouldBroadcastEvent (0x13d613860) => new state: running, last broadcast state: running - NO
 Process::HandlePrivateEvent (pid = 22850) suppressing state running (old state running): should_broadcast == false
 timeout = <infinite>, event_sp)...
 (plugin = gdb-remote, state = stopped)
 (plugin = gdb-remote, state = stopped, stop_id = 7
 0x13e05d8b8: tid = 0xe3ba6: stop info = <NULL> (stop_id = 7)
 0x13e05d8b8: tid = 0xe3ba6: stop info = trace (stop_id = 7)
 
 ThreadList::ShouldStop: 1 threads, 1 unsuspended threads
 Thread::ShouldStop(0x13e05d8b8) for tid = 0xe3ba6 0xe3ba6, pc = 0x000000018ab824d0
 ^^^^^^^^ Thread::ShouldStop Begin ^^^^^^^^
 Plan stack initial state:
  thread #1: tid = 0xe3ba6:
    Active plan stack:
      Element 0: Base thread plan.
      Element 1: Single stepping past breakpoint site 5 at 0x18ab38e20

 Step over breakpoint stopped for reason: trace.
 Plan Step over breakpoint trap should stop: 0.
 Completed step over breakpoint plan.
 GDBRemoteCommunicationClient::SendGDBStoppointTypePacket() add at addr = 0x18ab38e20
 Plan Step over breakpoint trap auto-continue: true.
 Popping plan: "Step over breakpoint trap", tid = 0xe3ba6.
 Plan stack final state:
  thread #1: tid = 0xe3ba6:
    Active plan stack:
      Element 0: Base thread plan.
    Completed plan stack:
      Element 0: Single stepping past breakpoint site 5 at 0x18ab38e20

 vvvvvvvv Thread::ShouldStop End (returning 0) vvvvvvvv
 ThreadList::ShouldStop overall should_stop = 0
 ThreadList::ShouldReportStop 1 threads
 Thread::ShouldReportStop() tid = 0xe3ba6: returning vote for complete stack's back plan
 Returning vote: no
 Returning no
 Process::ShouldBroadcastEvent: should_resume: 1 state: stopped was_restarted: 0 report_stop_vote: -1.
 Process::ShouldBroadcastEvent (0x13d613860) Restarting process from state: stopped
 Process::PrivateResume() m_stop_id = 7, public state: running private state: stopped
 WillResume Thread #1 (0x0x13e05d8b8): tid = 0xe3ba6, pc = 0x18ab824d0, sp = 0x16fdfd810, fp = 0x16fdfda00, plan = 'base plan', state = running, stop others = 0
 (plugin = gdb-remote, state = running)
 Process thinks the process has resumed.
 Process::ShouldBroadcastEvent (0x13d613860) => new state: stopped, last broadcast state: running - NO
 Process::HandlePrivateEvent (pid = 22850) suppressing state stopped (old state running): should_broadcast == false
 timeout = <infinite>, event_sp)...
 Process::ShouldBroadcastEvent (0x13d6366b0) => new state: running, last broadcast state: running - NO
 Process::HandlePrivateEvent (pid = 22850) suppressing state running (old state running): should_broadcast == false
 timeout = <infinite>, event_sp)...
 (plugin = gdb-remote, state = stopped)
 (plugin = gdb-remote, state = stopped, stop_id = 8
 0x13e05d8b8: tid = 0xe3ba6: stop info = <NULL> (stop_id = 8)
 0x13e05d8b8: tid = 0xe3ba6: stop info = breakpoint 1.1 (stop_id = 8)
 
 ThreadList::ShouldStop: 1 threads, 1 unsuspended threads
 Thread::ShouldStop(0x13e05d8b8) for tid = 0xe3ba6 0xe3ba6, pc = 0x0000000100003ef4
 ^^^^^^^^ Thread::ShouldStop Begin ^^^^^^^^
 Plan stack initial state:
  thread #1: tid = 0xe3ba6:
    Active plan stack:
      Element 0: Base thread plan.

 Hit breakpoint location: 1.1: 
  module = /Users/logesh/github-classroom/FPC-advanced/fpc-advanced-classroom-1st-year-assignment-l0g3sh-s/set03/problem04
  symbol = main
  address = 0x0000000100003ef4
  resolved = true
  hardware = false
  hit count = 1   
, stopping.

 Base plan discarding thread plans for thread tid = 0xe3ba6 (breakpoint hit.)
 Discarding thread plans for thread (tid = 0xe3ba6, force 0)
 Base plan says should stop: 1.
 Plan stack final state:
  thread #1: tid = 0xe3ba6:
    Active plan stack:
      Element 0: Base thread plan.

 vvvvvvvv Thread::ShouldStop End (returning 1) vvvvvvvv
 ThreadList::ShouldStop overall should_stop = 1
 Process::ShouldBroadcastEvent (0x12d6ae490) => new state: stopped, last broadcast state: stopped - YES
 Process::HandlePrivateEvent (pid = 22850) broadcasting new state stopped (old state stopped) to public
 timeout = <infinite>, event_sp)...
 (plugin = gdb-remote, state = stopped, restarted = 0)
 (plugin = gdb-remote, state = stopped) -- unlocking run lock
 Process::PerformAction returning from action with m_should_stop: 1.
 Frame #0 not recognized
 Processing command: q
 HandleCommand, cmd_obj : 'quit'
 HandleCommand, (revised) command_string: 'quit'
 HandleCommand, wants_raw_input:'False'
 HandleCommand, command line after removing command name(s): ''
 HandleCommand, command did not succeed
 Discarding thread plans for thread (tid = 0xe3ba6, force 1)
 GDBRemoteCommunicationClient::SendGDBStoppointTypePacket() remove at addr = 0x100003ef4
 GDBRemoteCommunicationClient::SendGDBStoppointTypePacket() remove at addr = 0x18ab38e20
 ::waitpid (pid = 22850, &status, 0) => pid = 22850, status = 0x00000009 (SIGNALED), signal = 9, exit_status = -1
 pid = 22850, signal = 9, status = -1
 (plugin = gdb-remote status=9 (0x00000009), description="killed")
 Process::ControlPrivateStateThread (signal = 1)
 Sending control event of type: 1.
 Process::RunPrivateStateThread (arg = 0x12e9f0c00, pid = 22850) got a control event: 1
 Process::RunPrivateStateThread (arg = 0x12e9f0c00, pid = 22850) thread exiting...
 Target::RemoveBreakpointByID (break_id = -3, internal = yes)

 Target::DisableBreakpointByID (break_id = -3, internal = yes)

 Target::DisableAllWatchpoints

 Target::ClearAllWatchpointHitCounts

 Target::ClearAllWatchpointHistoricValues

 Went to stop the private state thread, but it was already invalid.
 ::waitpid (pid = 22851, &status, 0) => pid = 22851, status = 0x00000000 (EXITED), signal = 0, exit_status = 0
 Couldn't get scratch TypeSystemClang
